0 info it worked if it ends with ok
1 verbose cli [ 'C:\\Program Files\\nodejs\\node.exe',
1 verbose cli   'C:\\Program Files\\nodejs\\node_modules\\npm\\bin\\npm-cli.js',
1 verbose cli   'install',
1 verbose cli   'ng-table',
1 verbose cli   '--save' ]
2 info using npm@4.0.5
3 info using node@v6.2.0
4 silly loadCurrentTree Starting
5 silly install loadCurrentTree
6 silly install readLocalPackageData
7 silly fetchPackageMetaData ng-table
8 silly fetchNamedPackageData ng-table
9 silly mapToRegistry name ng-table
10 silly mapToRegistry using default registry
11 silly mapToRegistry registry http://r.cnpmjs.org/
12 silly mapToRegistry data Result {
12 silly mapToRegistry   raw: 'ng-table',
12 silly mapToRegistry   scope: null,
12 silly mapToRegistry   escapedName: 'ng-table',
12 silly mapToRegistry   name: 'ng-table',
12 silly mapToRegistry   rawSpec: '',
12 silly mapToRegistry   spec: 'latest',
12 silly mapToRegistry   type: 'tag' }
13 silly mapToRegistry uri http://r.cnpmjs.org/ng-table
14 verbose request uri http://r.cnpmjs.org/ng-table
15 verbose request no auth needed
16 info attempt registry request try #1 at 10:04:36
17 verbose request id 00fe8f45e79a334b
18 http request GET http://r.cnpmjs.org/ng-table
19 info retry will retry, error on last attempt: Error: getaddrinfo EAI_AGAIN r.cnpmjs.org:80
20 info attempt registry request try #2 at 10:04:57
21 http request GET http://r.cnpmjs.org/ng-table
22 info retry will retry, error on last attempt: Error: getaddrinfo EAI_AGAIN r.cnpmjs.org:80
23 info attempt registry request try #3 at 10:06:07
24 http request GET http://r.cnpmjs.org/ng-table
25 silly fetchPackageMetaData Error: getaddrinfo EAI_AGAIN r.cnpmjs.org:80
25 silly fetchPackageMetaData     at Object.exports._errnoException (util.js:953:11)
25 silly fetchPackageMetaData     at errnoException (dns.js:33:15)
25 silly fetchPackageMetaData     at GetAddrInfoReqWrap.onlookup [as oncomplete] (dns.js:79:26)
25 silly fetchPackageMetaData  error for ng-table { Error: getaddrinfo EAI_AGAIN r.cnpmjs.org:80
25 silly fetchPackageMetaData     at Object.exports._errnoException (util.js:953:11)
25 silly fetchPackageMetaData     at errnoException (dns.js:33:15)
25 silly fetchPackageMetaData     at GetAddrInfoReqWrap.onlookup [as oncomplete] (dns.js:79:26)
25 silly fetchPackageMetaData   code: 'EAI_AGAIN',
25 silly fetchPackageMetaData   errno: 'EAI_AGAIN',
25 silly fetchPackageMetaData   syscall: 'getaddrinfo',
25 silly fetchPackageMetaData   hostname: 'r.cnpmjs.org',
25 silly fetchPackageMetaData   host: 'r.cnpmjs.org',
25 silly fetchPackageMetaData   port: 80 }
26 silly rollbackFailedOptional Starting
27 silly rollbackFailedOptional Finishing
28 silly runTopLevelLifecycles Finishing
29 silly install printInstalled
30 verbose stack Error: getaddrinfo EAI_AGAIN r.cnpmjs.org:80
30 verbose stack     at Object.exports._errnoException (util.js:953:11)
30 verbose stack     at errnoException (dns.js:33:15)
30 verbose stack     at GetAddrInfoReqWrap.onlookup [as oncomplete] (dns.js:79:26)
31 verbose cwd C:\angular_study
32 error Windows_NT 10.0.14393
33 error argv "C:\\Program Files\\nodejs\\node.exe" "C:\\Program Files\\nodejs\\node_modules\\npm\\bin\\npm-cli.js" "install" "ng-table" "--save"
34 error node v6.2.0
35 error npm  v4.0.5
36 error code EAI_AGAIN
37 error errno EAI_AGAIN
38 error syscall getaddrinfo
39 error getaddrinfo EAI_AGAIN r.cnpmjs.org:80
40 error If you need help, you may report this error at:
40 error     <https://github.com/npm/npm/issues>
41 verbose exit [ 1, true ]
